2025-03-09 11:11:19,211 INFO    Thread-8 (_run_job):59529 [wandb_setup.py:_flush():67] Current SDK version is 0.19.8
2025-03-09 11:11:19,211 INFO    Thread-8 (_run_job):59529 [wandb_setup.py:_flush():67] Configure stats pid to 59529
2025-03-09 11:11:19,211 INFO    Thread-8 (_run_job):59529 [wandb_setup.py:_flush():67] Loading settings from /home/dextrolaev/.config/wandb/settings
2025-03-09 11:11:19,211 INFO    Thread-8 (_run_job):59529 [wandb_setup.py:_flush():67] Loading settings from /home/dextrolaev/Desktop/DL/da6401_assignment1/wandb/settings
2025-03-09 11:11:19,211 INFO    Thread-8 (_run_job):59529 [wandb_setup.py:_flush():67] Loading settings from environment variables
2025-03-09 11:11:19,211 INFO    Thread-8 (_run_job):59529 [wandb_init.py:setup_run_log_directory():647] Logging user logs to /home/dextrolaev/Desktop/DL/da6401_assignment1/wandb/run-20250309_111119-6poiwxj6/logs/debug.log
2025-03-09 11:11:19,211 INFO    Thread-8 (_run_job):59529 [wandb_init.py:setup_run_log_directory():648] Logging internal logs to /home/dextrolaev/Desktop/DL/da6401_assignment1/wandb/run-20250309_111119-6poiwxj6/logs/debug-internal.log
2025-03-09 11:11:19,211 INFO    Thread-8 (_run_job):59529 [wandb_init.py:monkeypatch_ipython():599] configuring jupyter hooks <wandb.sdk.wandb_init._WandbInit object at 0x70dc99a8c950>
2025-03-09 11:11:19,211 INFO    Thread-8 (_run_job):59529 [wandb_init.py:init():761] calling init triggers
2025-03-09 11:11:19,211 INFO    Thread-8 (_run_job):59529 [wandb_init.py:init():766] wandb.init called with sweep_config: {'activation_function': 'tanh', 'architecture': {'hidden_layer_size': [512, 256, 128, 64, 10], 'num_of_hidden_layers': 4}, 'batch_size': 16, 'epochs': 10, 'learning_rate': 0.0005, 'optimizer': 'momentum', 'weight_decay': 0.0005, 'weight_initialization': 'random'}
config: {'_wandb': {}}
2025-03-09 11:11:19,211 INFO    Thread-8 (_run_job):59529 [wandb_init.py:init():784] starting backend
2025-03-09 11:11:19,211 INFO    Thread-8 (_run_job):59529 [wandb_init.py:init():788] sending inform_init request
2025-03-09 11:11:19,212 INFO    Thread-8 (_run_job):59529 [backend.py:_multiprocessing_setup():101] multiprocessing start_methods=fork,spawn,forkserver, using: spawn
2025-03-09 11:11:19,212 INFO    Thread-8 (_run_job):59529 [wandb_init.py:init():798] backend started and connected
2025-03-09 11:11:19,213 INFO    Thread-8 (_run_job):59529 [wandb_run.py:_config_callback():1261] config_cb None None {'activation_function': 'tanh', 'architecture': {'hidden_layer_size': [512, 256, 128, 64, 10], 'num_of_hidden_layers': 4}, 'batch_size': 16, 'epochs': 10, 'learning_rate': 0.0005, 'optimizer': 'momentum', 'weight_decay': 0.0005, 'weight_initialization': 'random'}
2025-03-09 11:11:19,214 INFO    Thread-8 (_run_job):59529 [wandb_run.py:_label_probe_notebook():1204] probe notebook
2025-03-09 11:11:19,214 INFO    Thread-8 (_run_job):59529 [wandb_init.py:init():891] updated telemetry
2025-03-09 11:11:19,217 INFO    Thread-8 (_run_job):59529 [wandb_init.py:init():915] communicating run to backend with 90.0 second timeout
2025-03-09 11:11:19,652 INFO    Thread-8 (_run_job):59529 [wandb_init.py:init():990] starting run threads in backend
2025-03-09 11:11:19,715 INFO    Thread-8 (_run_job):59529 [wandb_run.py:_console_start():2375] atexit reg
2025-03-09 11:11:19,715 INFO    Thread-8 (_run_job):59529 [wandb_run.py:_redirect():2227] redirect: wrap_raw
2025-03-09 11:11:19,715 INFO    Thread-8 (_run_job):59529 [wandb_run.py:_redirect():2292] Wrapping output streams.
2025-03-09 11:11:19,716 INFO    Thread-8 (_run_job):59529 [wandb_run.py:_redirect():2315] Redirects installed.
2025-03-09 11:11:19,717 INFO    Thread-8 (_run_job):59529 [wandb_init.py:init():1032] run started, returning control to user process
2025-03-09 11:11:19,731 INFO    Thread-8 (_run_job):59529 [wandb_run.py:_finish():2112] finishing run cs24s031-indian-institute-of-technology-madras/dl-assignment1-experiment/6poiwxj6
2025-03-09 11:11:19,731 INFO    Thread-8 (_run_job):59529 [jupyter.py:save_history():458] not saving jupyter history
2025-03-09 11:11:19,731 INFO    Thread-8 (_run_job):59529 [jupyter.py:save_ipynb():386] not saving jupyter notebook
2025-03-09 11:11:19,731 INFO    Thread-8 (_run_job):59529 [wandb_init.py:_jupyter_teardown():581] cleaning up jupyter logic
2025-03-09 11:11:19,731 INFO    Thread-8 (_run_job):59529 [wandb_run.py:_atexit_cleanup():2340] got exitcode: 1
2025-03-09 11:11:19,731 INFO    Thread-8 (_run_job):59529 [wandb_run.py:_restore():2322] restore
2025-03-09 11:11:19,731 INFO    Thread-8 (_run_job):59529 [wandb_run.py:_restore():2328] restore done
2025-03-09 11:11:22,359 INFO    Thread-8 (_run_job):59529 [wandb_run.py:_restore():2322] restore
2025-03-09 11:11:22,359 INFO    Thread-8 (_run_job):59529 [wandb_run.py:_restore():2328] restore done
2025-03-09 11:11:22,359 ERROR   Thread-8 (_run_job):59529 [wandb_run.py:_atexit_cleanup():2361] Problem finishing run
Traceback (most recent call last):
  File "/home/dextrolaev/myenv/lib/python3.12/site-packages/wandb/agents/pyagent.py", line 306, in _run_job
    self._function()
  File "/tmp/ipykernel_59529/2409086667.py", line 19, in train
    nn.train(
  File "/tmp/ipykernel_59529/2219564323.py", line 166, in train
    train_loss += -np.sum(batch_label[i] * np.log(y_hat_i[0])) + self.L2reg_const/2*sum(s)
                          ~~~~~~~~~~~~~~~^~~~~~~~~~~~~~~~~~~~
ValueError: operands could not be broadcast together with shapes (10,) (64,) 

During handling of the above exception, another exception occurred:

Traceback (most recent call last):
  File "/home/dextrolaev/myenv/lib/python3.12/site-packages/wandb/sdk/wandb_run.py", line 2352, in _atexit_cleanup
    self._on_finish()
  File "/home/dextrolaev/myenv/lib/python3.12/site-packages/wandb/sdk/wandb_run.py", line 2604, in _on_finish
    with progress.progress_printer(
  File "/usr/lib/python3.12/contextlib.py", line 144, in __exit__
    next(self.gen)
  File "/home/dextrolaev/myenv/lib/python3.12/site-packages/wandb/sdk/lib/progress.py", line 92, in progress_printer
    with printer.dynamic_text() as text_area:
  File "/usr/lib/python3.12/contextlib.py", line 144, in __exit__
    next(self.gen)
  File "/home/dextrolaev/myenv/lib/python3.12/site-packages/wandb/sdk/lib/printer.py", line 446, in dynamic_text
    handle.update(self._ipython_display.HTML(""))
  File "/home/dextrolaev/myenv/lib/python3.12/site-packages/IPython/core/display_functions.py", line 354, in update
    update_display(obj, display_id=self.display_id, **kwargs)
  File "/home/dextrolaev/myenv/lib/python3.12/site-packages/IPython/core/display_functions.py", line 306, in update_display
    display(obj, display_id=display_id, **kwargs)
  File "/home/dextrolaev/myenv/lib/python3.12/site-packages/IPython/core/display_functions.py", line 285, in display
    publish_display_data(data=format_dict, metadata=md_dict, **kwargs)
  File "/home/dextrolaev/myenv/lib/python3.12/site-packages/IPython/core/display_functions.py", line 73, in publish_display_data
    display_pub.publish(
  File "/home/dextrolaev/myenv/lib/python3.12/site-packages/ipykernel/zmqshell.py", line 103, in publish
    self._flush_streams()
  File "/home/dextrolaev/myenv/lib/python3.12/site-packages/ipykernel/zmqshell.py", line 66, in _flush_streams
    sys.stdout.flush()
  File "/home/dextrolaev/myenv/lib/python3.12/site-packages/ipykernel/iostream.py", line 604, in flush
    self.pub_thread.schedule(self._flush)
  File "/home/dextrolaev/myenv/lib/python3.12/site-packages/ipykernel/iostream.py", line 267, in schedule
    self._event_pipe.send(b"")
  File "/home/dextrolaev/myenv/lib/python3.12/site-packages/zmq/sugar/socket.py", line 707, in send
    return super().send(data, flags=flags, copy=copy, track=track)
           ^^^^^^^^^^^^^^^^^^^^^^^^^^^^^^^^^^^^^^^^^^^^^^^^^^^^^^^
  File "_zmq.py", line 1092, in zmq.backend.cython._zmq.Socket.send
  File "_zmq.py", line 1134, in zmq.backend.cython._zmq.Socket.send
  File "_zmq.py", line 1209, in zmq.backend.cython._zmq._check_closed
zmq.error.ZMQError: Socket operation on non-socket
2025-03-09 11:11:25,234 INFO    MainThread:59529 [pyagent.py:run():322] Starting sweep agent: entity=None, project=None, count=10
2025-03-09 11:11:26,362 INFO    MsgRouterThr:59529 [mailbox.py:close():129] Closing mailbox, abandoning 1 handles.
2025-03-09 11:11:27,145 INFO    Thread-13 (_run_job):59529 [wandb_setup.py:_flush():67] Current SDK version is 0.19.8
2025-03-09 11:11:27,145 INFO    Thread-13 (_run_job):59529 [wandb_setup.py:_flush():67] Configure stats pid to 59529
2025-03-09 11:11:27,145 INFO    Thread-13 (_run_job):59529 [wandb_setup.py:_flush():67] Loading settings from /home/dextrolaev/.config/wandb/settings
2025-03-09 11:11:27,145 INFO    Thread-13 (_run_job):59529 [wandb_setup.py:_flush():67] Loading settings from /home/dextrolaev/Desktop/DL/da6401_assignment1/wandb/settings
2025-03-09 11:11:27,145 INFO    Thread-13 (_run_job):59529 [wandb_setup.py:_flush():67] Loading settings from environment variables
2025-03-09 11:11:27,145 INFO    Thread-13 (_run_job):59529 [wandb_init.py:setup_run_log_directory():647] Logging user logs to /home/dextrolaev/Desktop/DL/da6401_assignment1/wandb/run-20250309_111127-qyejt0wu/logs/debug.log
2025-03-09 11:11:27,145 INFO    Thread-13 (_run_job):59529 [wandb_init.py:setup_run_log_directory():648] Logging internal logs to /home/dextrolaev/Desktop/DL/da6401_assignment1/wandb/run-20250309_111127-qyejt0wu/logs/debug-internal.log
2025-03-09 11:11:27,145 INFO    Thread-13 (_run_job):59529 [wandb_init.py:monkeypatch_ipython():599] configuring jupyter hooks <wandb.sdk.wandb_init._WandbInit object at 0x70dc92b075c0>
2025-03-09 11:11:27,145 INFO    Thread-13 (_run_job):59529 [wandb_init.py:init():761] calling init triggers
2025-03-09 11:11:27,145 INFO    Thread-13 (_run_job):59529 [wandb_init.py:init():766] wandb.init called with sweep_config: {'activation_function': 'sigmoid', 'architecture': {'hidden_layer_size': [512, 256, 128, 64, 10], 'num_of_hidden_layers': 4}, 'batch_size': 64, 'epochs': 10, 'learning_rate': 0.0006, 'optimizer': 'nesterov', 'weight_decay': 0.0005, 'weight_initialization': 'random'}
config: {'_wandb': {}}
2025-03-09 11:11:27,145 INFO    Thread-13 (_run_job):59529 [wandb_init.py:init():784] starting backend
2025-03-09 11:11:27,145 INFO    Thread-13 (_run_job):59529 [wandb_init.py:init():788] sending inform_init request
2025-03-09 11:11:27,146 INFO    Thread-13 (_run_job):59529 [backend.py:_multiprocessing_setup():101] multiprocessing start_methods=fork,spawn,forkserver, using: spawn
2025-03-09 11:11:27,146 INFO    Thread-13 (_run_job):59529 [wandb_init.py:init():798] backend started and connected
2025-03-09 11:11:27,146 INFO    Thread-13 (_run_job):59529 [wandb_run.py:_config_callback():1261] config_cb None None {'activation_function': 'sigmoid', 'architecture': {'hidden_layer_size': [512, 256, 128, 64, 10], 'num_of_hidden_layers': 4}, 'batch_size': 64, 'epochs': 10, 'learning_rate': 0.0006, 'optimizer': 'nesterov', 'weight_decay': 0.0005, 'weight_initialization': 'random'}
2025-03-09 11:11:27,147 INFO    Thread-13 (_run_job):59529 [wandb_run.py:_label_probe_notebook():1204] probe notebook
2025-03-09 11:11:27,147 INFO    Thread-13 (_run_job):59529 [wandb_init.py:init():891] updated telemetry
2025-03-09 11:11:27,150 INFO    Thread-13 (_run_job):59529 [wandb_init.py:init():915] communicating run to backend with 90.0 second timeout
2025-03-09 11:11:27,613 INFO    Thread-13 (_run_job):59529 [wandb_init.py:init():990] starting run threads in backend
2025-03-09 11:11:27,677 INFO    Thread-13 (_run_job):59529 [wandb_run.py:_console_start():2375] atexit reg
2025-03-09 11:11:27,678 INFO    Thread-13 (_run_job):59529 [wandb_run.py:_redirect():2227] redirect: wrap_raw
2025-03-09 11:11:27,678 INFO    Thread-13 (_run_job):59529 [wandb_run.py:_redirect():2292] Wrapping output streams.
2025-03-09 11:11:27,678 INFO    Thread-13 (_run_job):59529 [wandb_run.py:_redirect():2315] Redirects installed.
2025-03-09 11:11:27,678 INFO    Thread-13 (_run_job):59529 [wandb_init.py:init():1032] run started, returning control to user process
2025-03-09 11:11:27,687 INFO    Thread-13 (_run_job):59529 [wandb_run.py:_finish():2112] finishing run cs24s031-indian-institute-of-technology-madras/dl-assignment1-experiment/qyejt0wu
2025-03-09 11:11:27,687 INFO    Thread-13 (_run_job):59529 [jupyter.py:save_history():458] not saving jupyter history
2025-03-09 11:11:27,688 INFO    Thread-13 (_run_job):59529 [jupyter.py:save_ipynb():386] not saving jupyter notebook
2025-03-09 11:11:27,688 INFO    Thread-13 (_run_job):59529 [wandb_init.py:_jupyter_teardown():581] cleaning up jupyter logic
2025-03-09 11:11:27,688 INFO    Thread-13 (_run_job):59529 [wandb_run.py:_atexit_cleanup():2340] got exitcode: 1
2025-03-09 11:11:27,688 INFO    Thread-13 (_run_job):59529 [wandb_run.py:_restore():2322] restore
2025-03-09 11:11:27,688 INFO    Thread-13 (_run_job):59529 [wandb_run.py:_restore():2328] restore done
2025-03-09 11:11:29,712 INFO    Thread-13 (_run_job):59529 [wandb_run.py:_footer_history_summary_info():3956] rendering history
2025-03-09 11:11:29,712 INFO    Thread-13 (_run_job):59529 [wandb_run.py:_footer_history_summary_info():3988] rendering summary
2025-03-09 11:11:29,712 INFO    Thread-13 (_run_job):59529 [wandb_run.py:_footer_sync_info():3917] logging synced files
2025-03-09 11:11:29,714 ERROR   MainThread:59529 [pyagent.py:_run_jobs_from_queue():234] Run qyejt0wu errored:
Traceback (most recent call last):
  File "/home/dextrolaev/myenv/lib/python3.12/site-packages/wandb/agents/pyagent.py", line 306, in _run_job
    self._function()
  File "/tmp/ipykernel_59529/2409086667.py", line 19, in train
    nn.train(
  File "/tmp/ipykernel_59529/2219564323.py", line 166, in train
    train_loss += -np.sum(batch_label[i] * np.log(y_hat_i[0])) + self.L2reg_const/2*sum(s)
                          ~~~~~~~~~~~~~~~^~~~~~~~~~~~~~~~~~~~
ValueError: operands could not be broadcast together with shapes (10,) (64,) 

2025-03-09 11:11:31,714 INFO    MsgRouterThr:59529 [mailbox.py:close():129] Closing mailbox, abandoning 1 handles.
2025-03-09 11:11:32,784 INFO    Thread-16 (_run_job):59529 [wandb_setup.py:_flush():67] Current SDK version is 0.19.8
2025-03-09 11:11:32,784 INFO    Thread-16 (_run_job):59529 [wandb_setup.py:_flush():67] Configure stats pid to 59529
2025-03-09 11:11:32,784 INFO    Thread-16 (_run_job):59529 [wandb_setup.py:_flush():67] Loading settings from /home/dextrolaev/.config/wandb/settings
2025-03-09 11:11:32,784 INFO    Thread-16 (_run_job):59529 [wandb_setup.py:_flush():67] Loading settings from /home/dextrolaev/Desktop/DL/da6401_assignment1/wandb/settings
2025-03-09 11:11:32,784 INFO    Thread-16 (_run_job):59529 [wandb_setup.py:_flush():67] Loading settings from environment variables
2025-03-09 11:11:32,784 INFO    Thread-16 (_run_job):59529 [wandb_init.py:setup_run_log_directory():647] Logging user logs to /home/dextrolaev/Desktop/DL/da6401_assignment1/wandb/run-20250309_111132-naqggsmw/logs/debug.log
2025-03-09 11:11:32,784 INFO    Thread-16 (_run_job):59529 [wandb_init.py:setup_run_log_directory():648] Logging internal logs to /home/dextrolaev/Desktop/DL/da6401_assignment1/wandb/run-20250309_111132-naqggsmw/logs/debug-internal.log
2025-03-09 11:11:32,784 INFO    Thread-16 (_run_job):59529 [wandb_init.py:monkeypatch_ipython():599] configuring jupyter hooks <wandb.sdk.wandb_init._WandbInit object at 0x70dc9211b3e0>
2025-03-09 11:11:32,784 INFO    Thread-16 (_run_job):59529 [wandb_init.py:init():761] calling init triggers
2025-03-09 11:11:32,784 INFO    Thread-16 (_run_job):59529 [wandb_init.py:init():766] wandb.init called with sweep_config: {'activation_function': 'sigmoid', 'architecture': {'hidden_layer_size': [1024, 512, 256, 128, 64, 10], 'num_of_hidden_layers': 5}, 'batch_size': 32, 'epochs': 5, 'learning_rate': 0.0001, 'optimizer': 'adam', 'weight_decay': 0, 'weight_initialization': 'random'}
config: {'_wandb': {}}
2025-03-09 11:11:32,784 INFO    Thread-16 (_run_job):59529 [wandb_init.py:init():784] starting backend
2025-03-09 11:11:32,784 INFO    Thread-16 (_run_job):59529 [wandb_init.py:init():788] sending inform_init request
2025-03-09 11:11:32,785 INFO    Thread-16 (_run_job):59529 [backend.py:_multiprocessing_setup():101] multiprocessing start_methods=fork,spawn,forkserver, using: spawn
2025-03-09 11:11:32,785 INFO    Thread-16 (_run_job):59529 [wandb_init.py:init():798] backend started and connected
2025-03-09 11:11:32,786 INFO    Thread-16 (_run_job):59529 [wandb_run.py:_config_callback():1261] config_cb None None {'activation_function': 'sigmoid', 'architecture': {'hidden_layer_size': [1024, 512, 256, 128, 64, 10], 'num_of_hidden_layers': 5}, 'batch_size': 32, 'epochs': 5, 'learning_rate': 0.0001, 'optimizer': 'adam', 'weight_decay': 0, 'weight_initialization': 'random'}
2025-03-09 11:11:32,787 INFO    Thread-16 (_run_job):59529 [wandb_run.py:_label_probe_notebook():1204] probe notebook
2025-03-09 11:11:32,787 INFO    Thread-16 (_run_job):59529 [wandb_init.py:init():891] updated telemetry
2025-03-09 11:11:32,790 INFO    Thread-16 (_run_job):59529 [wandb_init.py:init():915] communicating run to backend with 90.0 second timeout
2025-03-09 11:11:33,263 INFO    Thread-16 (_run_job):59529 [wandb_init.py:init():990] starting run threads in backend
2025-03-09 11:11:33,327 INFO    Thread-16 (_run_job):59529 [wandb_run.py:_console_start():2375] atexit reg
2025-03-09 11:11:33,328 INFO    Thread-16 (_run_job):59529 [wandb_run.py:_redirect():2227] redirect: wrap_raw
2025-03-09 11:11:33,328 INFO    Thread-16 (_run_job):59529 [wandb_run.py:_redirect():2292] Wrapping output streams.
2025-03-09 11:11:33,328 INFO    Thread-16 (_run_job):59529 [wandb_run.py:_redirect():2315] Redirects installed.
2025-03-09 11:11:33,328 INFO    Thread-16 (_run_job):59529 [wandb_init.py:init():1032] run started, returning control to user process
2025-03-09 11:11:33,369 INFO    Thread-16 (_run_job):59529 [wandb_run.py:_finish():2112] finishing run cs24s031-indian-institute-of-technology-madras/dl-assignment1-experiment/naqggsmw
2025-03-09 11:11:33,370 INFO    Thread-16 (_run_job):59529 [jupyter.py:save_history():458] not saving jupyter history
2025-03-09 11:11:33,370 INFO    Thread-16 (_run_job):59529 [jupyter.py:save_ipynb():386] not saving jupyter notebook
2025-03-09 11:11:33,370 INFO    Thread-16 (_run_job):59529 [wandb_init.py:_jupyter_teardown():581] cleaning up jupyter logic
2025-03-09 11:11:33,370 INFO    Thread-16 (_run_job):59529 [wandb_run.py:_atexit_cleanup():2340] got exitcode: 1
2025-03-09 11:11:33,370 INFO    Thread-16 (_run_job):59529 [wandb_run.py:_restore():2322] restore
2025-03-09 11:11:33,370 INFO    Thread-16 (_run_job):59529 [wandb_run.py:_restore():2328] restore done
2025-03-09 11:11:35,372 INFO    Thread-16 (_run_job):59529 [wandb_run.py:_footer_history_summary_info():3956] rendering history
2025-03-09 11:11:35,372 INFO    Thread-16 (_run_job):59529 [wandb_run.py:_footer_history_summary_info():3988] rendering summary
2025-03-09 11:11:35,372 INFO    Thread-16 (_run_job):59529 [wandb_run.py:_footer_sync_info():3917] logging synced files
2025-03-09 11:11:35,375 ERROR   MainThread:59529 [pyagent.py:_run_jobs_from_queue():234] Run naqggsmw errored:
Traceback (most recent call last):
  File "/home/dextrolaev/myenv/lib/python3.12/site-packages/wandb/agents/pyagent.py", line 306, in _run_job
    self._function()
  File "/tmp/ipykernel_59529/2409086667.py", line 19, in train
    nn.train(
  File "/tmp/ipykernel_59529/2219564323.py", line 166, in train
    train_loss += -np.sum(batch_label[i] * np.log(y_hat_i[0])) + self.L2reg_const/2*sum(s)
                          ~~~~~~~~~~~~~~~^~~~~~~~~~~~~~~~~~~~
ValueError: operands could not be broadcast together with shapes (10,) (64,) 

2025-03-09 11:11:37,374 INFO    MsgRouterThr:59529 [mailbox.py:close():129] Closing mailbox, abandoning 1 handles.
2025-03-09 11:11:38,156 INFO    Thread-19 (_run_job):59529 [wandb_setup.py:_flush():67] Current SDK version is 0.19.8
2025-03-09 11:11:38,156 INFO    Thread-19 (_run_job):59529 [wandb_setup.py:_flush():67] Configure stats pid to 59529
2025-03-09 11:11:38,156 INFO    Thread-19 (_run_job):59529 [wandb_setup.py:_flush():67] Loading settings from /home/dextrolaev/.config/wandb/settings
2025-03-09 11:11:38,156 INFO    Thread-19 (_run_job):59529 [wandb_setup.py:_flush():67] Loading settings from /home/dextrolaev/Desktop/DL/da6401_assignment1/wandb/settings
2025-03-09 11:11:38,156 INFO    Thread-19 (_run_job):59529 [wandb_setup.py:_flush():67] Loading settings from environment variables
2025-03-09 11:11:38,156 INFO    Thread-19 (_run_job):59529 [wandb_init.py:setup_run_log_directory():647] Logging user logs to /home/dextrolaev/Desktop/DL/da6401_assignment1/wandb/run-20250309_111138-kivzudz3/logs/debug.log
2025-03-09 11:11:38,156 INFO    Thread-19 (_run_job):59529 [wandb_init.py:setup_run_log_directory():648] Logging internal logs to /home/dextrolaev/Desktop/DL/da6401_assignment1/wandb/run-20250309_111138-kivzudz3/logs/debug-internal.log
2025-03-09 11:11:38,156 INFO    Thread-19 (_run_job):59529 [wandb_init.py:monkeypatch_ipython():599] configuring jupyter hooks <wandb.sdk.wandb_init._WandbInit object at 0x70dc91707410>
2025-03-09 11:11:38,156 INFO    Thread-19 (_run_job):59529 [wandb_init.py:init():761] calling init triggers
2025-03-09 11:11:38,156 INFO    Thread-19 (_run_job):59529 [wandb_init.py:init():766] wandb.init called with sweep_config: {'activation_function': 'tanh', 'architecture': {'hidden_layer_size': [128, 64, 10], 'num_of_hidden_layers': 2}, 'batch_size': 16, 'epochs': 10, 'learning_rate': 0.0001, 'optimizer': 'RMSprop', 'weight_decay': 0.0005, 'weight_initialization': 'xavier'}
config: {'_wandb': {}}
2025-03-09 11:11:38,156 INFO    Thread-19 (_run_job):59529 [wandb_init.py:init():784] starting backend
2025-03-09 11:11:38,156 INFO    Thread-19 (_run_job):59529 [wandb_init.py:init():788] sending inform_init request
2025-03-09 11:11:38,157 INFO    Thread-19 (_run_job):59529 [backend.py:_multiprocessing_setup():101] multiprocessing start_methods=fork,spawn,forkserver, using: spawn
2025-03-09 11:11:38,157 INFO    Thread-19 (_run_job):59529 [wandb_init.py:init():798] backend started and connected
2025-03-09 11:11:38,157 INFO    Thread-19 (_run_job):59529 [wandb_run.py:_config_callback():1261] config_cb None None {'activation_function': 'tanh', 'architecture': {'hidden_layer_size': [128, 64, 10], 'num_of_hidden_layers': 2}, 'batch_size': 16, 'epochs': 10, 'learning_rate': 0.0001, 'optimizer': 'RMSprop', 'weight_decay': 0.0005, 'weight_initialization': 'xavier'}
2025-03-09 11:11:38,158 INFO    Thread-19 (_run_job):59529 [wandb_run.py:_label_probe_notebook():1204] probe notebook
2025-03-09 11:11:38,158 INFO    Thread-19 (_run_job):59529 [wandb_init.py:init():891] updated telemetry
2025-03-09 11:11:38,161 INFO    Thread-19 (_run_job):59529 [wandb_init.py:init():915] communicating run to backend with 90.0 second timeout
2025-03-09 11:11:38,618 INFO    Thread-19 (_run_job):59529 [wandb_init.py:init():990] starting run threads in backend
2025-03-09 11:11:38,684 INFO    Thread-19 (_run_job):59529 [wandb_run.py:_console_start():2375] atexit reg
2025-03-09 11:11:38,684 INFO    Thread-19 (_run_job):59529 [wandb_run.py:_redirect():2227] redirect: wrap_raw
2025-03-09 11:11:38,684 INFO    Thread-19 (_run_job):59529 [wandb_run.py:_redirect():2292] Wrapping output streams.
2025-03-09 11:11:38,684 INFO    Thread-19 (_run_job):59529 [wandb_run.py:_redirect():2315] Redirects installed.
2025-03-09 11:11:38,684 INFO    Thread-19 (_run_job):59529 [wandb_init.py:init():1032] run started, returning control to user process
2025-03-09 11:11:38,686 INFO    Thread-19 (_run_job):59529 [wandb_run.py:_finish():2112] finishing run cs24s031-indian-institute-of-technology-madras/dl-assignment1-experiment/kivzudz3
2025-03-09 11:11:38,686 INFO    Thread-19 (_run_job):59529 [jupyter.py:save_history():458] not saving jupyter history
2025-03-09 11:11:38,686 INFO    Thread-19 (_run_job):59529 [jupyter.py:save_ipynb():386] not saving jupyter notebook
2025-03-09 11:11:38,686 INFO    Thread-19 (_run_job):59529 [wandb_init.py:_jupyter_teardown():581] cleaning up jupyter logic
2025-03-09 11:11:38,686 INFO    Thread-19 (_run_job):59529 [wandb_run.py:_atexit_cleanup():2340] got exitcode: 1
2025-03-09 11:11:38,687 INFO    Thread-19 (_run_job):59529 [wandb_run.py:_restore():2322] restore
2025-03-09 11:11:38,687 INFO    Thread-19 (_run_job):59529 [wandb_run.py:_restore():2328] restore done
2025-03-09 11:11:41,303 INFO    Thread-19 (_run_job):59529 [wandb_run.py:_footer_history_summary_info():3956] rendering history
2025-03-09 11:11:41,303 INFO    Thread-19 (_run_job):59529 [wandb_run.py:_footer_history_summary_info():3988] rendering summary
2025-03-09 11:11:41,303 INFO    Thread-19 (_run_job):59529 [wandb_run.py:_footer_sync_info():3917] logging synced files
2025-03-09 11:14:08,544 INFO    MainThread:59529 [pyagent.py:run():322] Starting sweep agent: entity=None, project=None, count=10
2025-03-09 11:14:09,451 INFO    MsgRouterThr:59529 [mailbox.py:close():129] Closing mailbox, abandoning 1 handles.
2025-03-09 11:14:10,243 INFO    Thread-23 (_run_job):59529 [wandb_setup.py:_flush():67] Current SDK version is 0.19.8
2025-03-09 11:14:10,243 INFO    Thread-23 (_run_job):59529 [wandb_setup.py:_flush():67] Configure stats pid to 59529
2025-03-09 11:14:10,243 INFO    Thread-23 (_run_job):59529 [wandb_setup.py:_flush():67] Loading settings from /home/dextrolaev/.config/wandb/settings
2025-03-09 11:14:10,243 INFO    Thread-23 (_run_job):59529 [wandb_setup.py:_flush():67] Loading settings from /home/dextrolaev/Desktop/DL/da6401_assignment1/wandb/settings
2025-03-09 11:14:10,243 INFO    Thread-23 (_run_job):59529 [wandb_setup.py:_flush():67] Loading settings from environment variables
2025-03-09 11:14:10,243 INFO    Thread-23 (_run_job):59529 [wandb_init.py:setup_run_log_directory():647] Logging user logs to /home/dextrolaev/Desktop/DL/da6401_assignment1/wandb/run-20250309_111410-y9aksc1z/logs/debug.log
2025-03-09 11:14:10,243 INFO    Thread-23 (_run_job):59529 [wandb_init.py:setup_run_log_directory():648] Logging internal logs to /home/dextrolaev/Desktop/DL/da6401_assignment1/wandb/run-20250309_111410-y9aksc1z/logs/debug-internal.log
2025-03-09 11:14:10,243 INFO    Thread-23 (_run_job):59529 [wandb_init.py:monkeypatch_ipython():599] configuring jupyter hooks <wandb.sdk.wandb_init._WandbInit object at 0x70dc92b048f0>
2025-03-09 11:14:10,243 INFO    Thread-23 (_run_job):59529 [wandb_init.py:init():761] calling init triggers
2025-03-09 11:14:10,243 INFO    Thread-23 (_run_job):59529 [wandb_init.py:init():766] wandb.init called with sweep_config: {'activation_function': 'sigmoid', 'architecture': {'hidden_layer_size': [512, 256, 128, 64, 10], 'num_of_hidden_layers': 4}, 'batch_size': 64, 'epochs': 5, 'learning_rate': 0.0003, 'optimizer': 'nesterov', 'weight_decay': 0, 'weight_initialization': 'random'}
config: {'_wandb': {}}
2025-03-09 11:14:10,243 INFO    Thread-23 (_run_job):59529 [wandb_init.py:init():784] starting backend
2025-03-09 11:14:10,243 INFO    Thread-23 (_run_job):59529 [wandb_init.py:init():788] sending inform_init request
2025-03-09 11:14:10,244 INFO    Thread-23 (_run_job):59529 [backend.py:_multiprocessing_setup():101] multiprocessing start_methods=fork,spawn,forkserver, using: spawn
2025-03-09 11:14:10,244 INFO    Thread-23 (_run_job):59529 [wandb_init.py:init():798] backend started and connected
2025-03-09 11:14:10,244 INFO    Thread-23 (_run_job):59529 [wandb_run.py:_config_callback():1261] config_cb None None {'activation_function': 'sigmoid', 'architecture': {'hidden_layer_size': [512, 256, 128, 64, 10], 'num_of_hidden_layers': 4}, 'batch_size': 64, 'epochs': 5, 'learning_rate': 0.0003, 'optimizer': 'nesterov', 'weight_decay': 0, 'weight_initialization': 'random'}
2025-03-09 11:14:10,245 INFO    Thread-23 (_run_job):59529 [wandb_run.py:_label_probe_notebook():1204] probe notebook
2025-03-09 11:14:10,245 INFO    Thread-23 (_run_job):59529 [wandb_init.py:init():891] updated telemetry
2025-03-09 11:14:10,248 INFO    Thread-23 (_run_job):59529 [wandb_init.py:init():915] communicating run to backend with 90.0 second timeout
2025-03-09 11:14:10,706 INFO    Thread-23 (_run_job):59529 [wandb_init.py:init():990] starting run threads in backend
2025-03-09 11:14:10,771 INFO    Thread-23 (_run_job):59529 [wandb_run.py:_console_start():2375] atexit reg
2025-03-09 11:14:10,771 INFO    Thread-23 (_run_job):59529 [wandb_run.py:_redirect():2227] redirect: wrap_raw
2025-03-09 11:14:10,771 INFO    Thread-23 (_run_job):59529 [wandb_run.py:_redirect():2292] Wrapping output streams.
2025-03-09 11:14:10,771 INFO    Thread-23 (_run_job):59529 [wandb_run.py:_redirect():2315] Redirects installed.
2025-03-09 11:14:10,772 INFO    Thread-23 (_run_job):59529 [wandb_init.py:init():1032] run started, returning control to user process
2025-03-09 11:14:10,783 INFO    Thread-23 (_run_job):59529 [wandb_run.py:_finish():2112] finishing run cs24s031-indian-institute-of-technology-madras/dl-assignment1-experiment/y9aksc1z
2025-03-09 11:14:10,783 INFO    Thread-23 (_run_job):59529 [jupyter.py:save_history():458] not saving jupyter history
2025-03-09 11:14:10,783 INFO    Thread-23 (_run_job):59529 [jupyter.py:save_ipynb():386] not saving jupyter notebook
2025-03-09 11:14:10,783 INFO    Thread-23 (_run_job):59529 [wandb_init.py:_jupyter_teardown():581] cleaning up jupyter logic
2025-03-09 11:14:10,783 INFO    Thread-23 (_run_job):59529 [wandb_run.py:_atexit_cleanup():2340] got exitcode: 1
2025-03-09 11:14:10,783 INFO    Thread-23 (_run_job):59529 [wandb_run.py:_restore():2322] restore
2025-03-09 11:14:10,783 INFO    Thread-23 (_run_job):59529 [wandb_run.py:_restore():2328] restore done
2025-03-09 11:14:12,732 INFO    Thread-23 (_run_job):59529 [wandb_run.py:_footer_history_summary_info():3956] rendering history
2025-03-09 11:14:12,732 INFO    Thread-23 (_run_job):59529 [wandb_run.py:_footer_history_summary_info():3988] rendering summary
2025-03-09 11:14:12,732 INFO    Thread-23 (_run_job):59529 [wandb_run.py:_footer_sync_info():3917] logging synced files
2025-03-09 11:14:12,735 ERROR   MainThread:59529 [pyagent.py:_run_jobs_from_queue():234] Run y9aksc1z errored:
Traceback (most recent call last):
  File "/home/dextrolaev/myenv/lib/python3.12/site-packages/wandb/agents/pyagent.py", line 306, in _run_job
    self._function()
  File "/tmp/ipykernel_59529/2409086667.py", line 19, in train
    nn.train(
  File "/tmp/ipykernel_59529/2268143793.py", line 167, in train
    train_loss += -np.sum(batch_label[i].reshape(1, -1) * np.log(y_hat_i[0].reshape(1, -1))) + self.L2reg_const/2*sum(s)
                          ~~~~~~~~~~~~~~~~~~~~~~~~~~~~~~^~~~~~~~~~~~~~~~~~~~~~~~~~~~~~~~~~~
ValueError: operands could not be broadcast together with shapes (1,10) (1,64) 

2025-03-09 11:14:14,734 INFO    MsgRouterThr:59529 [mailbox.py:close():129] Closing mailbox, abandoning 1 handles.
2025-03-09 11:14:15,780 INFO    Thread-26 (_run_job):59529 [wandb_setup.py:_flush():67] Current SDK version is 0.19.8
2025-03-09 11:14:15,780 INFO    Thread-26 (_run_job):59529 [wandb_setup.py:_flush():67] Configure stats pid to 59529
2025-03-09 11:14:15,780 INFO    Thread-26 (_run_job):59529 [wandb_setup.py:_flush():67] Loading settings from /home/dextrolaev/.config/wandb/settings
2025-03-09 11:14:15,780 INFO    Thread-26 (_run_job):59529 [wandb_setup.py:_flush():67] Loading settings from /home/dextrolaev/Desktop/DL/da6401_assignment1/wandb/settings
2025-03-09 11:14:15,780 INFO    Thread-26 (_run_job):59529 [wandb_setup.py:_flush():67] Loading settings from environment variables
2025-03-09 11:14:15,780 INFO    Thread-26 (_run_job):59529 [wandb_init.py:setup_run_log_directory():647] Logging user logs to /home/dextrolaev/Desktop/DL/da6401_assignment1/wandb/run-20250309_111415-jep7nufd/logs/debug.log
2025-03-09 11:14:15,780 INFO    Thread-26 (_run_job):59529 [wandb_init.py:setup_run_log_directory():648] Logging internal logs to /home/dextrolaev/Desktop/DL/da6401_assignment1/wandb/run-20250309_111415-jep7nufd/logs/debug-internal.log
2025-03-09 11:14:15,780 INFO    Thread-26 (_run_job):59529 [wandb_init.py:monkeypatch_ipython():599] configuring jupyter hooks <wandb.sdk.wandb_init._WandbInit object at 0x70dc92b052e0>
2025-03-09 11:14:15,780 INFO    Thread-26 (_run_job):59529 [wandb_init.py:init():761] calling init triggers
2025-03-09 11:14:15,780 INFO    Thread-26 (_run_job):59529 [wandb_init.py:init():766] wandb.init called with sweep_config: {'activation_function': 'ReLU', 'architecture': {'hidden_layer_size': [512, 256, 128, 64, 10], 'num_of_hidden_layers': 4}, 'batch_size': 16, 'epochs': 10, 'learning_rate': 0.0003, 'optimizer': 'nadam', 'weight_decay': 0, 'weight_initialization': 'random'}
config: {'_wandb': {}}
2025-03-09 11:14:15,780 INFO    Thread-26 (_run_job):59529 [wandb_init.py:init():784] starting backend
2025-03-09 11:14:15,780 INFO    Thread-26 (_run_job):59529 [wandb_init.py:init():788] sending inform_init request
2025-03-09 11:14:15,780 INFO    Thread-26 (_run_job):59529 [backend.py:_multiprocessing_setup():101] multiprocessing start_methods=fork,spawn,forkserver, using: spawn
2025-03-09 11:14:15,780 INFO    Thread-26 (_run_job):59529 [wandb_init.py:init():798] backend started and connected
2025-03-09 11:14:15,781 INFO    Thread-26 (_run_job):59529 [wandb_run.py:_config_callback():1261] config_cb None None {'activation_function': 'ReLU', 'architecture': {'hidden_layer_size': [512, 256, 128, 64, 10], 'num_of_hidden_layers': 4}, 'batch_size': 16, 'epochs': 10, 'learning_rate': 0.0003, 'optimizer': 'nadam', 'weight_decay': 0, 'weight_initialization': 'random'}
2025-03-09 11:14:15,782 INFO    Thread-26 (_run_job):59529 [wandb_run.py:_label_probe_notebook():1204] probe notebook
2025-03-09 11:14:15,782 INFO    Thread-26 (_run_job):59529 [wandb_init.py:init():891] updated telemetry
2025-03-09 11:14:15,785 INFO    Thread-26 (_run_job):59529 [wandb_init.py:init():915] communicating run to backend with 90.0 second timeout
2025-03-09 11:14:16,277 INFO    Thread-26 (_run_job):59529 [wandb_init.py:init():990] starting run threads in backend
2025-03-09 11:14:16,338 INFO    Thread-26 (_run_job):59529 [wandb_run.py:_console_start():2375] atexit reg
2025-03-09 11:14:16,338 INFO    Thread-26 (_run_job):59529 [wandb_run.py:_redirect():2227] redirect: wrap_raw
2025-03-09 11:14:16,338 INFO    Thread-26 (_run_job):59529 [wandb_run.py:_redirect():2292] Wrapping output streams.
2025-03-09 11:14:16,338 INFO    Thread-26 (_run_job):59529 [wandb_run.py:_redirect():2315] Redirects installed.
2025-03-09 11:14:16,338 INFO    Thread-26 (_run_job):59529 [wandb_init.py:init():1032] run started, returning control to user process
2025-03-09 11:14:16,351 INFO    Thread-26 (_run_job):59529 [wandb_run.py:_finish():2112] finishing run cs24s031-indian-institute-of-technology-madras/dl-assignment1-experiment/jep7nufd
2025-03-09 11:14:16,352 INFO    Thread-26 (_run_job):59529 [jupyter.py:save_history():458] not saving jupyter history
2025-03-09 11:14:16,352 INFO    Thread-26 (_run_job):59529 [jupyter.py:save_ipynb():386] not saving jupyter notebook
2025-03-09 11:14:16,352 INFO    Thread-26 (_run_job):59529 [wandb_init.py:_jupyter_teardown():581] cleaning up jupyter logic
2025-03-09 11:14:16,352 INFO    Thread-26 (_run_job):59529 [wandb_run.py:_atexit_cleanup():2340] got exitcode: 1
2025-03-09 11:14:16,352 INFO    Thread-26 (_run_job):59529 [wandb_run.py:_restore():2322] restore
2025-03-09 11:14:16,352 INFO    Thread-26 (_run_job):59529 [wandb_run.py:_restore():2328] restore done
2025-03-09 11:14:18,338 INFO    Thread-26 (_run_job):59529 [wandb_run.py:_footer_history_summary_info():3956] rendering history
2025-03-09 11:14:18,338 INFO    Thread-26 (_run_job):59529 [wandb_run.py:_footer_history_summary_info():3988] rendering summary
2025-03-09 11:14:18,338 INFO    Thread-26 (_run_job):59529 [wandb_run.py:_footer_sync_info():3917] logging synced files
2025-03-09 11:14:55,344 INFO    MainThread:59529 [pyagent.py:run():322] Starting sweep agent: entity=None, project=None, count=10
2025-03-09 11:14:56,376 INFO    MsgRouterThr:59529 [mailbox.py:close():129] Closing mailbox, abandoning 1 handles.
2025-03-09 11:14:57,172 INFO    Thread-30 (_run_job):59529 [wandb_setup.py:_flush():67] Current SDK version is 0.19.8
2025-03-09 11:14:57,172 INFO    Thread-30 (_run_job):59529 [wandb_setup.py:_flush():67] Configure stats pid to 59529
2025-03-09 11:14:57,172 INFO    Thread-30 (_run_job):59529 [wandb_setup.py:_flush():67] Loading settings from /home/dextrolaev/.config/wandb/settings
2025-03-09 11:14:57,172 INFO    Thread-30 (_run_job):59529 [wandb_setup.py:_flush():67] Loading settings from /home/dextrolaev/Desktop/DL/da6401_assignment1/wandb/settings
2025-03-09 11:14:57,172 INFO    Thread-30 (_run_job):59529 [wandb_setup.py:_flush():67] Loading settings from environment variables
2025-03-09 11:14:57,172 INFO    Thread-30 (_run_job):59529 [wandb_init.py:setup_run_log_directory():647] Logging user logs to /home/dextrolaev/Desktop/DL/da6401_assignment1/wandb/run-20250309_111457-c4pw1x1l/logs/debug.log
2025-03-09 11:14:57,172 INFO    Thread-30 (_run_job):59529 [wandb_init.py:setup_run_log_directory():648] Logging internal logs to /home/dextrolaev/Desktop/DL/da6401_assignment1/wandb/run-20250309_111457-c4pw1x1l/logs/debug-internal.log
2025-03-09 11:14:57,172 INFO    Thread-30 (_run_job):59529 [wandb_init.py:monkeypatch_ipython():599] configuring jupyter hooks <wandb.sdk.wandb_init._WandbInit object at 0x70dc91771010>
2025-03-09 11:14:57,172 INFO    Thread-30 (_run_job):59529 [wandb_init.py:init():761] calling init triggers
2025-03-09 11:14:57,172 INFO    Thread-30 (_run_job):59529 [wandb_init.py:init():766] wandb.init called with sweep_config: {'activation_function': 'sigmoid', 'architecture': {'hidden_layer_size': [512, 256, 128, 64, 10], 'num_of_hidden_layers': 5}, 'batch_size': 16, 'epochs': 5, 'learning_rate': 0.0003, 'optimizer': 'nesterov', 'weight_decay': 0, 'weight_initialization': 'random'}
config: {'_wandb': {}}
2025-03-09 11:14:57,172 INFO    Thread-30 (_run_job):59529 [wandb_init.py:init():784] starting backend
2025-03-09 11:14:57,172 INFO    Thread-30 (_run_job):59529 [wandb_init.py:init():788] sending inform_init request
2025-03-09 11:14:57,173 INFO    Thread-30 (_run_job):59529 [backend.py:_multiprocessing_setup():101] multiprocessing start_methods=fork,spawn,forkserver, using: spawn
2025-03-09 11:14:57,173 INFO    Thread-30 (_run_job):59529 [wandb_init.py:init():798] backend started and connected
2025-03-09 11:14:57,173 INFO    Thread-30 (_run_job):59529 [wandb_run.py:_config_callback():1261] config_cb None None {'activation_function': 'sigmoid', 'architecture': {'hidden_layer_size': [512, 256, 128, 64, 10], 'num_of_hidden_layers': 5}, 'batch_size': 16, 'epochs': 5, 'learning_rate': 0.0003, 'optimizer': 'nesterov', 'weight_decay': 0, 'weight_initialization': 'random'}
2025-03-09 11:14:57,174 INFO    Thread-30 (_run_job):59529 [wandb_run.py:_label_probe_notebook():1204] probe notebook
2025-03-09 11:14:57,174 INFO    Thread-30 (_run_job):59529 [wandb_init.py:init():891] updated telemetry
2025-03-09 11:14:57,176 INFO    Thread-30 (_run_job):59529 [wandb_init.py:init():915] communicating run to backend with 90.0 second timeout
2025-03-09 11:14:59,075 INFO    Thread-30 (_run_job):59529 [wandb_init.py:init():990] starting run threads in backend
2025-03-09 11:14:59,180 INFO    Thread-30 (_run_job):59529 [wandb_run.py:_console_start():2375] atexit reg
2025-03-09 11:14:59,180 INFO    Thread-30 (_run_job):59529 [wandb_run.py:_redirect():2227] redirect: wrap_raw
2025-03-09 11:14:59,180 INFO    Thread-30 (_run_job):59529 [wandb_run.py:_redirect():2292] Wrapping output streams.
2025-03-09 11:14:59,180 INFO    Thread-30 (_run_job):59529 [wandb_run.py:_redirect():2315] Redirects installed.
2025-03-09 11:14:59,181 INFO    Thread-30 (_run_job):59529 [wandb_init.py:init():1032] run started, returning control to user process
2025-03-09 11:15:15,500 INFO    MainThread:59529 [jupyter.py:save_ipynb():386] not saving jupyter notebook
2025-03-09 11:15:15,500 INFO    MainThread:59529 [wandb_init.py:_pause_backend():564] pausing backend
2025-03-09 11:15:23,703 INFO    Thread-30 (_run_job):59529 [wandb_run.py:_finish():2112] finishing run cs24s031-indian-institute-of-technology-madras/dl-assignment1-experiment/c4pw1x1l
2025-03-09 11:15:23,703 INFO    Thread-30 (_run_job):59529 [jupyter.py:save_history():458] not saving jupyter history
2025-03-09 11:15:23,703 INFO    Thread-30 (_run_job):59529 [jupyter.py:save_ipynb():386] not saving jupyter notebook
2025-03-09 11:15:23,703 INFO    Thread-30 (_run_job):59529 [wandb_init.py:_jupyter_teardown():581] cleaning up jupyter logic
2025-03-09 11:15:23,703 INFO    Thread-30 (_run_job):59529 [wandb_run.py:_atexit_cleanup():2340] got exitcode: 1
2025-03-09 11:15:23,703 INFO    Thread-30 (_run_job):59529 [wandb_run.py:_restore():2322] restore
2025-03-09 11:15:23,704 INFO    Thread-30 (_run_job):59529 [wandb_run.py:_restore():2328] restore done
2025-03-09 11:15:23,704 INFO    Thread-30 (_run_job):59529 [wandb_run.py:_restore():2322] restore
2025-03-09 11:15:23,704 INFO    Thread-30 (_run_job):59529 [wandb_run.py:_restore():2328] restore done
2025-03-09 11:15:23,705 ERROR   Thread-30 (_run_job):59529 [wandb_run.py:_atexit_cleanup():2361] Problem finishing run
Traceback (most recent call last):
  File "/home/dextrolaev/myenv/lib/python3.12/site-packages/wandb/agents/pyagent.py", line 306, in _run_job
    self._function()
  File "/tmp/ipykernel_59529/2409086667.py", line 19, in train
    nn.train(
  File "/tmp/ipykernel_59529/3539201234.py", line 180, in train
    sys.stdout.write(f"\rEpoch {ep + 1}/{epochs} - Batch {batch + 1}/{num_batches} - Loss: {train_loss / ((batch+1)*batch_size):.6f} Train-Acc: {train_acc / ((batch+1)*batch_size):.6f} val-loss:{val_loss:.6f} val-Acc: {val_acc:.6f} ")
  File "/home/dextrolaev/myenv/lib/python3.12/site-packages/wandb/sdk/lib/console_capture.py", line 147, in write_with_callbacks
    n = orig_write(s)
        ^^^^^^^^^^^^^
  File "/home/dextrolaev/myenv/lib/python3.12/site-packages/ipykernel/iostream.py", line 694, in write
    self._schedule_flush()
  File "/home/dextrolaev/myenv/lib/python3.12/site-packages/ipykernel/iostream.py", line 590, in _schedule_flush
    self.pub_thread.schedule(_schedule_in_thread)
  File "/home/dextrolaev/myenv/lib/python3.12/site-packages/ipykernel/iostream.py", line 267, in schedule
    self._event_pipe.send(b"")
  File "/home/dextrolaev/myenv/lib/python3.12/site-packages/zmq/sugar/socket.py", line 707, in send
    return super().send(data, flags=flags, copy=copy, track=track)
           ^^^^^^^^^^^^^^^^^^^^^^^^^^^^^^^^^^^^^^^^^^^^^^^^^^^^^^^
  File "_zmq.py", line 1092, in zmq.backend.cython._zmq.Socket.send
  File "_zmq.py", line 1134, in zmq.backend.cython._zmq.Socket.send
  File "_zmq.py", line 1209, in zmq.backend.cython._zmq._check_closed
zmq.error.ZMQError: Socket operation on non-socket

During handling of the above exception, another exception occurred:

Traceback (most recent call last):
  File "/home/dextrolaev/myenv/lib/python3.12/site-packages/wandb/sdk/wandb_run.py", line 2352, in _atexit_cleanup
    self._on_finish()
  File "/home/dextrolaev/myenv/lib/python3.12/site-packages/wandb/sdk/wandb_run.py", line 2604, in _on_finish
    with progress.progress_printer(
  File "/usr/lib/python3.12/contextlib.py", line 137, in __enter__
    return next(self.gen)
           ^^^^^^^^^^^^^^
  File "/home/dextrolaev/myenv/lib/python3.12/site-packages/wandb/sdk/lib/progress.py", line 92, in progress_printer
    with printer.dynamic_text() as text_area:
  File "/usr/lib/python3.12/contextlib.py", line 137, in __enter__
    return next(self.gen)
           ^^^^^^^^^^^^^^
  File "/home/dextrolaev/myenv/lib/python3.12/site-packages/wandb/sdk/lib/printer.py", line 436, in dynamic_text
    handle = self._ipython_display.display(
             ^^^^^^^^^^^^^^^^^^^^^^^^^^^^^^
  File "/home/dextrolaev/myenv/lib/python3.12/site-packages/IPython/core/display_functions.py", line 285, in display
    publish_display_data(data=format_dict, metadata=md_dict, **kwargs)
  File "/home/dextrolaev/myenv/lib/python3.12/site-packages/IPython/core/display_functions.py", line 73, in publish_display_data
    display_pub.publish(
  File "/home/dextrolaev/myenv/lib/python3.12/site-packages/ipykernel/zmqshell.py", line 103, in publish
    self._flush_streams()
  File "/home/dextrolaev/myenv/lib/python3.12/site-packages/ipykernel/zmqshell.py", line 66, in _flush_streams
    sys.stdout.flush()
  File "/home/dextrolaev/myenv/lib/python3.12/site-packages/ipykernel/iostream.py", line 604, in flush
    self.pub_thread.schedule(self._flush)
  File "/home/dextrolaev/myenv/lib/python3.12/site-packages/ipykernel/iostream.py", line 267, in schedule
    self._event_pipe.send(b"")
  File "/home/dextrolaev/myenv/lib/python3.12/site-packages/zmq/sugar/socket.py", line 707, in send
    return super().send(data, flags=flags, copy=copy, track=track)
           ^^^^^^^^^^^^^^^^^^^^^^^^^^^^^^^^^^^^^^^^^^^^^^^^^^^^^^^
  File "_zmq.py", line 1092, in zmq.backend.cython._zmq.Socket.send
  File "_zmq.py", line 1134, in zmq.backend.cython._zmq.Socket.send
  File "_zmq.py", line 1209, in zmq.backend.cython._zmq._check_closed
zmq.error.ZMQError: Socket operation on non-socket
